-1.200e+04	1.1197170e+07	4.2511730e+04
6.478e+03	2.7811714e+05	4.2511730e+04
6.448e+03	3.4276104e+05	4.2511730e+04
6.418e+03	3.7612461e+05	4.2511730e+04
6.388e+03	3.9619087e+05	4.2511730e+04
6.358e+03	3.1877844e+05	4.2511730e+04
6.328e+03	5.6574204e+05	4.2511730e+04
6.298e+03	6.6248628e+05	4.2511730e+04
6.268e+03	4.9694966e+05	4.2511730e+04
6.238e+03	6.9336138e+05	4.2511730e+04
6.208e+03	7.8317626e+05	4.2511730e+04
6.178e+03	9.5505550e+05	4.2511730e+04
6.148e+03	1.1296987e+06	4.2511730e+04
6.118e+03	1.3323180e+06	4.2511730e+04
6.088e+03	1.6241221e+06	4.2511730e+04
6.058e+03	1.8609081e+06	4.2511730e+04
6.028e+03	2.2517338e+06	4.2511730e+04
5.998e+03	2.8433488e+06	4.2511730e+04
5.968e+03	3.6120364e+06	4.2511730e+04
5.938e+03	4.3889093e+06	4.2511730e+04
5.908e+03	4.7376229e+06	4.2511730e+04
5.878e+03	4.9316551e+06	4.2511730e+04
5.848e+03	4.3800041e+06	4.2511730e+04
5.818e+03	2.4743122e+06	4.2511730e+04
5.788e+03	-2.2105808e+05	4.2511730e+04
5.758e+03	-2.7448637e+06	4.2511730e+04
5.728e+03	-4.1294264e+06	4.2511730e+04
5.698e+03	-4.2892074e+06	4.2511730e+04
5.668e+03	-3.8507292e+06	4.2511730e+04
5.638e+03	-3.1844113e+06	4.2511730e+04
5.608e+03	-2.4371433e+06	4.2511730e+04
5.578e+03	-1.8715523e+06	4.2511730e+04
5.548e+03	-1.2876732e+06	4.2511730e+04
5.518e+03	-8.9593378e+05	4.2511730e+04
5.488e+03	-7.4171790e+05	4.2511730e+04
5.458e+03	-6.5143985e+05	4.2511730e+04
5.428e+03	-4.7747849e+05	4.2511730e+04
5.398e+03	-2.7462821e+05	4.2511730e+04
5.368e+03	-3.1861912e+05	4.2511730e+04
5.338e+03	-5.2561237e+04	4.2511730e+04
5.308e+03	-2.0536730e+05	4.2511730e+04
5.278e+03	-2.8673649e+03	4.2511730e+04
5.248e+03	-2.0381839e+04	4.2511730e+04
5.218e+03	-3.9214419e+04	4.2511730e+04
5.188e+03	7.6120653e+04	4.2511730e+04
5.158e+03	1.0977126e+05	4.2511730e+04
5.128e+03	2.0381482e+05	4.2511730e+04
5.098e+03	-3.7520642e+04	4.2511730e+04
5.068e+03	-6.7698128e+04	4.2511730e+04
5.038e+03	9.3372279e+04	4.2511730e+04
5.008e+03	1.8794448e+04	4.2511730e+04
4.978e+03	1.2714107e+05	4.2511730e+04
4.948e+03	1.9183140e+05	4.2511730e+04
4.918e+03	1.1694965e+05	4.2511730e+04
4.888e+03	8.2103352e+04	4.2511730e+04
4.858e+03	2.5487424e+04	4.2511730e+04
4.828e+03	2.0174423e+05	4.2511730e+04
4.798e+03	1.3383405e+05	4.2511730e+04
4.768e+03	2.1207494e+05	4.2511730e+04
4.738e+03	1.5422533e+05	4.2511730e+04
4.708e+03	9.7389910e+04	4.2511730e+04
4.678e+03	2.0324806e+05	4.2511730e+04
4.648e+03	8.2892684e+04	4.2511730e+04
4.618e+03	7.9681269e+04	4.2511730e+04
4.588e+03	-7.9179251e+04	4.2511730e+04
4.558e+03	6.8454552e+04	4.2511730e+04
4.528e+03	2.8123634e+04	4.2511730e+04
4.498e+03	1.0622946e+05	4.2511730e+04
4.468e+03	2.4648533e+05	4.2511730e+04
4.438e+03	2.0369127e+05	4.2511730e+04
4.408e+03	8.8647447e+04	4.2511730e+04
4.378e+03	2.2035195e+05	4.2511730e+04
4.348e+03	7.7116816e+04	4.2511730e+04
4.318e+03	7.8578436e+04	4.2511730e+04
4.288e+03	1.2427578e+05	4.2511730e+04
4.258e+03	1.0738294e+05	4.2511730e+04
4.228e+03	1.8130602e+04	4.2511730e+04
4.198e+03	1.5679401e+05	4.2511730e+04
4.168e+03	4.8143468e+04	4.2511730e+04
4.138e+03	3.4677316e+04	4.2511730e+04
4.108e+03	1.5548856e+05	4.2511730e+04
4.078e+03	3.0320858e+04	4.2511730e+04
4.048e+03	1.9349141e+05	4.2511730e+04
4.018e+03	1.3216023e+05	4.2511730e+04
3.988e+03	-2.0899094e+04	4.2511730e+04
3.958e+03	1.2008394e+05	4.2511730e+04
3.928e+03	7.6199708e+04	4.2511730e+04
3.898e+03	1.0832538e+05	4.2511730e+04
3.868e+03	5.2791177e+04	4.2511730e+04
3.838e+03	-4.5169997e+03	4.2511730e+04
3.808e+03	1.2715315e+03	4.2511730e+04
3.778e+03	2.3166309e+05	4.2511730e+04
3.748e+03	8.1941808e+04	4.2511730e+04
3.718e+03	1.5782086e+05	4.2511730e+04
3.688e+03	2.8067737e+05	4.2511730e+04
3.658e+03	3.4765778e+05	4.2511730e+04
3.628e+03	2.2896356e+05	4.2511730e+04
3.598e+03	3.3059188e+05	4.2511730e+04
3.568e+03	1.8217605e+05	4.2511730e+04
3.538e+03	1.0604373e+05	4.2511730e+04
3.508e+03	2.9147777e+05	4.2511730e+04
3.478e+03	2.3896926e+05	4.2511730e+04
3.448e+03	1.2816793e+05	4.2511730e+04
3.418e+03	8.1422621e+04	4.2511730e+04
3.388e+03	-1.2384566e+04	4.2511730e+04
3.358e+03	2.1253375e+04	4.2511730e+04
3.328e+03	-5.4341074e+03	4.2511730e+04
3.298e+03	1.4459095e+04	4.2511730e+04
3.268e+03	2.0796753e+05	4.2511730e+04
3.238e+03	1.5670536e+05	4.2511730e+04
3.208e+03	1.3299292e+05	4.2511730e+04
3.178e+03	3.8247519e+04	4.2511730e+04
3.148e+03	6.8484099e+04	4.2511730e+04
3.118e+03	1.8467718e+05	4.2511730e+04
3.088e+03	1.0420530e+05	4.2511730e+04
3.058e+03	1.1443471e+05	4.2511730e+04
3.028e+03	6.9591153e+04	4.2511730e+04
2.998e+03	8.9784048e+04	4.2511730e+04
2.968e+03	-3.4255498e+04	4.2511730e+04
2.938e+03	4.1686869e+04	4.2511730e+04
2.908e+03	1.0737028e+05	4.2511730e+04
2.878e+03	1.4540689e+05	4.2511730e+04
2.848e+03	8.6264498e+04	4.2511730e+04
2.818e+03	1.3014451e+05	4.2511730e+04
2.788e+03	6.8509425e+04	4.2511730e+04
2.758e+03	1.6573064e+05	4.2511730e+04
2.728e+03	7.3804096e+04	4.2511730e+04
2.698e+03	7.5929562e+04	4.2511730e+04
2.668e+03	5.0450438e+04	4.2511730e+04
2.638e+03	1.7342936e+05	4.2511730e+04
2.608e+03	1.7559704e+05	4.2511730e+04
2.578e+03	7.9180761e+03	4.2511730e+04
2.548e+03	5.4300373e+04	4.2511730e+04
2.518e+03	5.5930834e+04	4.2511730e+04
2.488e+03	1.0267614e+05	4.2511730e+04
2.458e+03	6.4694403e+04	4.2511730e+04
2.428e+03	6.5788656e+03	4.2511730e+04
2.398e+03	2.3547683e+04	4.2511730e+04
2.368e+03	5.5453858e+04	4.2511730e+04
2.338e+03	1.6947927e+05	4.2511730e+04
2.308e+03	2.2722335e+05	4.2511730e+04
